c:\users\meyer family\documents\visual studio 2013\projects\edanengine(old)\bin\debug\intermediates\vc120.pdb
c:\users\meyer family\documents\visual studio 2013\projects\edanengine(old)\bin\debug\intermediates\vc120.idb
c:\users\meyer family\documents\visual studio 2013\projects\edanengine(old)\bin\debug\intermediates\main.obj
c:\users\meyer family\documents\visual studio 2013\projects\edanengine(old)\bin\debug\intermediates\shader.obj
c:\users\meyer family\documents\visual studio 2013\projects\edanengine(old)\bin\debug\intermediates\window.obj
c:\users\meyer family\documents\visual studio 2013\projects\edanengine(old)\bin\debug\intermediates\mat4.obj
c:\users\meyer family\documents\visual studio 2013\projects\edanengine(old)\bin\debug\intermediates\vec2.obj
c:\users\meyer family\documents\visual studio 2013\projects\edanengine(old)\bin\debug\intermediates\vec3.obj
c:\users\meyer family\documents\visual studio 2013\projects\edanengine(old)\bin\debug\intermediates\vec4.obj
c:\users\meyer family\documents\visual studio 2013\projects\2dgame\bin\debug\intermediates\vc120.pdb
c:\users\meyer family\documents\visual studio 2013\projects\2dgame\bin\debug\intermediates\vc120.idb
c:\users\meyer family\documents\visual studio 2013\projects\2dgame\bin\debug\intermediates\main.obj
c:\users\meyer family\documents\visual studio 2013\projects\2dgame\bin\debug\intermediates\shader.obj
c:\users\meyer family\documents\visual studio 2013\projects\2dgame\bin\debug\intermediates\window.obj
c:\users\meyer family\documents\visual studio 2013\projects\2dgame\bin\debug\intermediates\mat4.obj
c:\users\meyer family\documents\visual studio 2013\projects\2dgame\bin\debug\intermediates\vec2.obj
c:\users\meyer family\documents\visual studio 2013\projects\2dgame\bin\debug\intermediates\vec3.obj
c:\users\meyer family\documents\visual studio 2013\projects\2dgame\bin\debug\intermediates\vec4.obj
c:\users\meyer family\documents\visual studio 2013\projects\2dgame\bin\debug\intermediates\buffer.obj
c:\users\meyer family\documents\visual studio 2013\projects\2dgame\bin\debug\intermediates\indexbuffer.obj
c:\users\meyer family\documents\visual studio 2013\projects\2dgame\bin\debug\intermediates\vertexarray.obj
c:\users\meyer family\documents\visual studio 2013\projects\voxelgame\bin\debug\intermediates\vc120.pdb
c:\users\meyer family\documents\visual studio 2013\projects\voxelgame\bin\debug\intermediates\vc120.idb
c:\users\meyer family\documents\visual studio 2013\projects\voxelgame\bin\debug\intermediates\main.obj
c:\users\meyer family\documents\visual studio 2013\projects\voxelgame\bin\debug\intermediates\buffer.obj
c:\users\meyer family\documents\visual studio 2013\projects\voxelgame\bin\debug\intermediates\indexbuffer.obj
c:\users\meyer family\documents\visual studio 2013\projects\voxelgame\bin\debug\intermediates\vertexarray.obj
c:\users\meyer family\documents\visual studio 2013\projects\voxelgame\bin\debug\intermediates\shader.obj
c:\users\meyer family\documents\visual studio 2013\projects\voxelgame\bin\debug\intermediates\window.obj
c:\users\meyer family\documents\visual studio 2013\projects\voxelgame\bin\debug\intermediates\mat4.obj
c:\users\meyer family\documents\visual studio 2013\projects\voxelgame\bin\debug\intermediates\vec2.obj
c:\users\meyer family\documents\visual studio 2013\projects\voxelgame\bin\debug\intermediates\vec3.obj
c:\users\meyer family\documents\visual studio 2013\projects\voxelgame\bin\debug\intermediates\vec4.obj
c:\users\meyer family\documents\visual studio 2013\projects\voxelgame\bin\debug\intermediates\simple2drenderer.obj
c:\users\meyer family\documents\visual studio 2013\projects\voxelgame\bin\debug\intermediates\sprite.obj
c:\users\meyer family\documents\visual studio 2013\projects\voxelgame\bin\debug\intermediates\staticsprite.obj
c:\users\meyer family\documents\visual studio 2013\projects\voxelgame\bin\debug\intermediates\batch2drenderer.obj
c:\users\meyer family\documents\visual studio 2013\projects\voxelgame\bin\debug\intermediates\simple3drenderer.obj
c:\users\meyer family\documents\visual studio 2013\projects\voxelgame\bin\debug\intermediates\staticcube.obj
c:\users\meyer family\documents\visual studio 2013\projects\voxelgame\bin\debug\intermediates\batch3drenderer.obj
c:\users\meyer family\documents\visual studio 2013\projects\voxelgame\bin\debug\intermediates\cube.obj
c:\users\meyer family\documents\visual studio 2013\projects\voxelgame\bin\debug\intermediates\camera.obj
c:\users\meyer family\documents\visual studio 2013\projects\voxelgame\bin\debug\intermediates\entity.obj
c:\users\meyer family\documents\visual studio 2013\projects\voxelgame\bin\debug\intermediates\pointlight.obj
c:\users\meyer family\documents\visual studio 2013\projects\edanengine(old)\bin\debug\edanengine-core.ilk
c:\users\meyer family\documents\visual studio 2013\projects\edanengine(old)\bin\debug\edanengine-core.exe
c:\users\meyer family\documents\visual studio 2013\projects\edanengine(old)\bin\debug\edanengine-core.pdb
c:\users\meyer family\documents\visual studio 2013\projects\2dgame\bin\debug\edanengine-core.ilk
c:\users\meyer family\documents\visual studio 2013\projects\2dgame\bin\debug\edanengine-core.exe
c:\users\meyer family\documents\visual studio 2013\projects\2dgame\bin\debug\edanengine-core.pdb
c:\users\meyer family\documents\visual studio 2013\projects\voxelgame\bin\debug\edanengine-core.ilk
c:\users\meyer family\documents\visual studio 2013\projects\voxelgame\bin\debug\edanengine-core.exe
c:\users\meyer family\documents\visual studio 2013\projects\voxelgame\bin\debug\edanengine-core.pdb
c:\users\meyer family\documents\visual studio 2013\projects\voxelgame\bin\debug\intermediates\edanengine-core.tlog\cl.command.1.tlog
c:\users\meyer family\documents\visual studio 2013\projects\voxelgame\bin\debug\intermediates\edanengine-core.tlog\cl.read.1.tlog
c:\users\meyer family\documents\visual studio 2013\projects\voxelgame\bin\debug\intermediates\edanengine-core.tlog\cl.write.1.tlog
c:\users\meyer family\documents\visual studio 2013\projects\voxelgame\bin\debug\intermediates\edanengine-core.tlog\link.command.1.tlog
c:\users\meyer family\documents\visual studio 2013\projects\voxelgame\bin\debug\intermediates\edanengine-core.tlog\link.read.1.tlog
c:\users\meyer family\documents\visual studio 2013\projects\voxelgame\bin\debug\intermediates\edanengine-core.tlog\link.write.1.tlog
